<?xml version="1.0" encoding="UTF-8"?>
<persistence version="2.0" xmlns="http://java.sun.com/xml/ns/persistence" xmlns:xsi="http://www.w3.org/2001/XMLSchema-instance" xsi:schemaLocation="http://java.sun.com/xml/ns/persistence http://java.sun.com/xml/ns/persistence/persistence_2_0.xsd">
  <persistence-unit name="primary">
    <jta-data-source>java:jboss/datasources/motibeDS</jta-data-source>
    <properties>
      <property name="jboss.entity.manager.factory.jndi.name" value="java:comp/env/persistence/motiPu" />
      <property name="hibernate.archive.autodetection" value="class"/>
      <property name="hibernate.transaction.manager_lookup_class" value="org.hibernate.transaction.JBossTransactionManagerLookup" />
      <property name="hibernate.dialect" value="org.hibernate.dialect.PostgreSQLDialect"/>
      <property name="hibernate.show_sql" value="true" />
      <property name="hibernate.format_sql" value="true" />
      <property name="hibernate.connection.autocommit" value="false" />
      <property name="hibernate.id.new_generator_mappings" value="true" />
      <property name="hibernate.jdbc.use_get_generated_keys" value="false"/>
      <property name="hibernate.temp.use_jdbc_metadata_defaults" value="true"/>
    </properties>
  </persistence-unit>
</persistence>
